[2015-01-24 12:30:27] START
[2015-01-24 12:31:32] EDIT medboard/controllers/default.py: 2
[2015-01-24 12:31:35] EDIT medboard/controllers/default.py: 1
[2015-01-24 12:31:49] CREATE default/med_board.html: 0
[2015-01-24 12:32:22] EDIT medboard/views/default/med_board.html: 1
[2015-01-24 12:32:46] CREATE db1.py: 0
[2015-01-24 12:45:01] EDIT medboard/models/db1.py: 7
[2015-01-24 12:46:52] CREATE default/new_procedure.html: 0
[2015-01-24 12:48:50] EDIT medboard/controllers/default.py: 1
[2015-01-24 12:48:59] EDIT medboard/controllers/default.py: 1
[2015-01-24 12:49:16] EDIT medboard/controllers/default.py: 1
[2015-01-24 12:49:31] EDIT medboard/controllers/default.py: 0
[2015-01-24 12:50:10] CREATE default/new_operation.html: 0
[2015-01-24 12:50:40] EDIT medboard/models/db1.py: 0
[2015-01-24 12:50:52] EDIT medboard/models/db1.py: 0
[2015-01-24 12:57:51] EDIT medboard/models/db1.py: 1
[2015-01-24 12:58:02] EDIT medboard/models/db1.py: 0
[2015-01-24 12:58:20] EDIT medboard/models/db1.py: -1
[2015-01-24 13:06:02] EDIT medboard/models/db1.py: 2
[2015-01-24 13:07:20] EDIT medboard/models/db1.py: 4
[2015-01-24 13:07:22] EDIT medboard/models/db1.py: 0
[2015-01-24 13:07:40] EDIT medboard/models/db1.py: 0
[2015-01-24 13:13:17] EDIT medboard/controllers/default.py: 1
[2015-01-24 13:13:24] EDIT medboard/controllers/default.py: 1
[2015-01-24 13:13:28] EDIT medboard/controllers/default.py: 0
[2015-01-24 13:14:40] EDIT medboard/controllers/default.py: 1
[2015-01-24 13:14:47] EDIT medboard/controllers/default.py: 0
[2015-01-24 13:15:03] CREATE default/display_operations.html: 0
[2015-01-24 13:17:35] EDIT medboard/controllers/default.py: 1
[2015-01-24 13:17:59] EDIT medboard/controllers/default.py: 0
[2015-01-24 13:20:23] EDIT medboard/views/default/display_operations.html: 11
[2015-01-24 13:21:38] EDIT medboard/views/default/display_operations.html: -1
[2015-01-24 13:21:51] EDIT medboard/views/default/display_operations.html: 0
[2015-01-24 13:23:13] EDIT medboard/views/default/display_operations.html: 9
[2015-01-24 13:23:28] EDIT medboard/views/default/display_operations.html: 0
[2015-01-24 13:23:37] EDIT medboard/views/default/display_operations.html: 0
[2015-01-24 13:23:49] EDIT medboard/views/default/display_operations.html: 0
[2015-01-24 13:24:03] EDIT medboard/views/default/display_operations.html: -1
[2015-01-24 13:24:09] EDIT medboard/views/default/display_operations.html: 0
[2015-01-24 13:24:15] EDIT medboard/views/default/display_operations.html: 1
[2015-01-24 13:24:17] EDIT medboard/views/default/display_operations.html: 0
[2015-01-24 13:24:39] EDIT medboard/views/default/display_operations.html: 0
[2015-01-24 13:24:48] EDIT medboard/views/default/display_operations.html: 0
[2015-01-24 13:25:06] EDIT medboard/views/default/display_operations.html: 0
[2015-01-24 13:25:47] EDIT medboard/views/default/display_operations.html: 0
[2015-01-24 13:26:00] EDIT medboard/views/default/display_operations.html: 0
[2015-01-24 13:27:00] EDIT medboard/views/default/display_operations.html: 1
[2015-01-24 13:29:29] EDIT medboard/views/default/display_operations.html: 3
[2015-01-24 13:30:44] EDIT medboard/views/default/display_operations.html: 3
[2015-01-24 13:31:18] EDIT medboard/views/default/display_operations.html: 1
[2015-01-24 13:31:51] EDIT medboard/views/default/display_operations.html: 0
[2015-01-24 13:33:21] EDIT medboard/views/default/display_operations.html: 6
[2015-01-24 13:33:40] EDIT medboard/views/default/display_operations.html: 0
[2015-01-24 13:33:46] EDIT medboard/views/default/display_operations.html: 0
[2015-01-24 13:34:03] EDIT medboard/views/default/display_operations.html: -11
[2015-01-24 13:34:28] EDIT medboard/views/default/display_operations.html: 0
[2015-01-24 13:36:14] EDIT medboard/models/menu.py: 1
[2015-01-24 13:36:39] EDIT medboard/models/menu.py: 1
[2015-01-24 13:36:40] EDIT medboard/models/menu.py: 0
[2015-01-24 13:44:26] EDIT medboard/models/menu.py: 0
[2015-01-24 14:14:20] EDIT medboard/models/db1.py: 2
[2015-01-24 14:15:00] EDIT medboard/views/default/display_operations.html: 0
[2015-01-24 14:15:14] EDIT medboard/views/default/display_operations.html: 0
[2015-01-24 14:15:19] EDIT medboard/views/default/display_operations.html: 0
[2015-01-24 14:15:39] EDIT medboard/views/default/display_operations.html: 0
[2015-01-24 14:16:18] EDIT medboard/views/default/display_operations.html: 0
[2015-01-24 14:17:17] EDIT medboard/models/db1.py: 0
[2015-01-24 14:17:26] EDIT medboard/views/default/display_operations.html: 0
[2015-01-24 14:17:46] EDIT medboard/models/db1.py: 1
[2015-01-24 14:18:05] EDIT medboard/models/db1.py: -1
[2015-01-24 14:21:33] EDIT medboard/models/db1.py: 0
[2015-01-24 14:23:55] EDIT medboard/views/default/display_operations.html: 0
[2015-01-24 14:31:43] EDIT medboard/views/default/display_operations.html: 2
[2015-01-24 14:33:22] EDIT medboard/views/default/display_operations.html: 0
[2015-01-24 14:33:36] EDIT medboard/views/default/display_operations.html: 1
[2015-01-24 14:36:09] EDIT medboard/controllers/default.py: 2
[2015-01-24 14:37:36] EDIT medboard/controllers/default.py: 1
[2015-01-24 14:37:52] EDIT medboard/controllers/default.py: 0
[2015-01-24 14:37:59] EDIT medboard/controllers/default.py: 1
[2015-01-24 14:38:21] CREATE default/sign_up.html: 0
[2015-01-24 14:49:03] EDIT medboard/controllers/default.py: 1
[2015-01-24 14:49:19] EDIT medboard/controllers/default.py: 0
[2015-01-24 14:49:32] EDIT medboard/controllers/default.py: 1
[2015-01-24 14:50:59] EDIT medboard/views/default/sign_up.html: 0
[2015-01-24 14:53:13] EDIT medboard/controllers/default.py: 1
[2015-01-24 14:54:44] EDIT medboard/views/default/display_operations.html: 2
[2015-01-24 15:03:54] EDIT medboard/controllers/default.py: 8
[2015-01-24 15:04:08] EDIT medboard/controllers/default.py: 0
[2015-01-24 15:04:15] EDIT medboard/controllers/default.py: 0
[2015-01-24 15:04:53] EDIT medboard/controllers/default.py: 0
[2015-01-24 15:05:08] EDIT medboard/controllers/default.py: -3
[2015-01-24 15:06:17] EDIT medboard/controllers/default.py: 0
[2015-01-24 15:06:39] EDIT medboard/controllers/default.py: 0
[2015-01-24 15:10:34] EDIT medboard/views/default/display_operations.html: 3
[2015-01-24 15:11:39] EDIT medboard/controllers/default.py: 2
[2015-01-24 15:12:24] EDIT medboard/controllers/default.py: 0
[2015-01-24 15:12:42] EDIT medboard/controllers/default.py: 0
[2015-01-24 15:13:49] EDIT medboard/views/default/display_operations.html: 0
[2015-01-24 15:15:33] EDIT medboard/controllers/default.py: 0
[2015-01-24 15:16:02] EDIT medboard/controllers/default.py: 0
[2015-01-24 15:16:18] EDIT medboard/controllers/default.py: 0
[2015-01-24 15:16:46] EDIT medboard/views/default/new_procedure.html: 0
[2015-01-24 15:17:02] EDIT medboard/views/default/new_procedure.html: 0
[2015-01-24 15:17:25] DELETE medboard/views/default/new_procedure.html: -3
[2015-01-24 15:17:30] EDIT medboard/views/default/new_operation.html: 0
[2015-01-24 15:22:56] EDIT medboard/views/default/display_operations.html: 3
[2015-01-24 15:23:13] EDIT medboard/views/default/display_operations.html: 1
[2015-01-24 15:23:23] EDIT medboard/views/default/display_operations.html: 0
[2015-01-24 15:42:35] EDIT medboard/controllers/default.py: 5
[2015-01-24 15:43:03] EDIT medboard/controllers/default.py: -1
[2015-01-24 15:44:44] EDIT medboard/controllers/default.py: 1
[2015-01-24 15:45:16] EDIT medboard/controllers/default.py: 0
[2015-01-24 15:48:44] EDIT medboard/views/default/display_operations.html: 0
[2015-01-24 15:52:57] EDIT medboard/models/db1.py: 0
[2015-01-24 15:53:11] EDIT medboard/models/db1.py: 0
[2015-01-24 15:53:50] EDIT medboard/controllers/default.py: 0
[2015-01-24 15:54:08] EDIT medboard/controllers/default.py: 0
[2015-01-24 15:55:32] EDIT medboard/controllers/default.py: 0
[2015-01-24 15:59:37] EDIT medboard/models/db1.py: -3
[2015-01-24 15:59:42] EDIT medboard/models/db1.py: 0
[2015-01-24 16:01:09] EDIT medboard/models/db1.py: 0
[2015-01-24 16:01:44] EDIT medboard/views/default/display_operations.html: 3
[2015-01-24 16:01:56] EDIT medboard/models/db1.py: 0
[2015-01-24 16:01:58] EDIT medboard/models/db1.py: 0
[2015-01-24 16:09:51] EDIT medboard/views/default/display_operations.html: 0
[2015-01-24 16:14:37] EDIT medboard/controllers/default.py: 0
[2015-01-24 16:15:10] EDIT medboard/models/db1.py: 0
[2015-01-24 16:18:26] EDIT medboard/controllers/default.py: 2
[2015-01-24 16:18:45] EDIT medboard/models/db1.py: -2
[2015-01-24 16:18:54] EDIT medboard/models/db1.py: 0
[2015-01-24 16:19:58] EDIT medboard/views/default/display_operations.html: 0
[2015-01-24 16:21:27] EDIT medboard/controllers/default.py: 1
[2015-01-24 16:21:40] EDIT medboard/controllers/default.py: 0
[2015-01-24 16:21:55] EDIT medboard/controllers/default.py: 0
[2015-01-24 16:22:01] EDIT medboard/controllers/default.py: 0
[2015-01-24 16:22:43] EDIT medboard/views/default/display_operations.html: 0
[2015-01-24 16:22:48] EDIT medboard/controllers/default.py: 0
[2015-01-24 16:27:05] EDIT medboard/views/default/display_operations.html: 1
[2015-01-24 16:27:31] EDIT medboard/views/default/display_operations.html: 1
[2015-01-24 16:27:45] EDIT medboard/views/default/display_operations.html: 0
[2015-01-24 16:28:56] EDIT medboard/views/default/display_operations.html: 0
[2015-01-24 16:32:25] EDIT medboard/views/default/display_operations.html: 0
[2015-01-24 16:32:44] EDIT medboard/views/default/display_operations.html: 3
[2015-01-24 16:33:52] EDIT medboard/views/default/display_operations.html: 0
[2015-01-24 16:34:05] EDIT medboard/views/default/display_operations.html: 1
[2015-01-24 16:34:28] EDIT medboard/views/default/display_operations.html: 0
[2015-01-24 16:34:39] EDIT medboard/views/default/display_operations.html: 0
[2015-01-24 16:34:57] EDIT medboard/views/default/display_operations.html: 0
[2015-01-24 16:35:03] EDIT medboard/views/default/display_operations.html: 0
[2015-01-24 16:38:48] EDIT medboard/views/default/display_operations.html: 0
[2015-01-24 16:39:12] EDIT medboard/views/default/display_operations.html: 0
[2015-01-24 16:39:30] EDIT medboard/views/default/display_operations.html: 0
[2015-01-24 16:41:31] EDIT medboard/views/default/display_operations.html: 3
[2015-01-24 16:41:47] EDIT medboard/views/default/display_operations.html: 1
[2015-01-24 16:44:28] EDIT medboard/controllers/default.py: 1
[2015-01-24 16:46:21] EDIT medboard/views/default/display_operations.html: -1
[2015-01-24 16:47:13] EDIT medboard/views/default/display_operations.html: 1
[2015-01-24 16:49:31] EDIT medboard/views/default/display_operations.html: 1
[2015-01-24 16:51:05] EDIT medboard/views/default/display_operations.html: 3
[2015-01-24 16:51:15] EDIT medboard/views/default/display_operations.html: 0
[2015-01-24 16:51:24] EDIT medboard/views/default/display_operations.html: 2
[2015-01-24 16:51:29] EDIT medboard/views/default/display_operations.html: 0
[2015-01-24 16:52:18] EDIT medboard/views/default/display_operations.html: 0
[2015-01-24 16:52:30] EDIT medboard/views/default/display_operations.html: -1
[2015-01-24 16:53:50] EDIT medboard/views/default/display_operations.html: 3
[2015-01-24 16:58:01] EDIT medboard/controllers/default.py: 0
[2015-01-24 16:58:18] EDIT medboard/controllers/default.py: 0
[2015-01-24 17:02:27] EDIT medboard/models/db1.py: 0
[2015-01-24 17:04:27] EDIT medboard/controllers/default.py: 1
[2015-01-24 17:04:32] EDIT medboard/controllers/default.py: 0
[2015-01-24 17:05:49] EDIT medboard/controllers/default.py: -1
[2015-01-24 17:06:03] EDIT medboard/controllers/default.py: 0
[2015-01-24 17:12:23] EDIT medboard/controllers/default.py: 0
[2015-01-24 17:48:00] EDIT medboard/controllers/default.py: 1
[2015-01-25 08:56:33] EDIT medboard/views/default/display_operations.html: -2
[2015-01-25 08:57:34] EDIT medboard/views/default/display_operations.html: 5
[2015-01-25 08:57:45] EDIT medboard/views/default/display_operations.html: 0
[2015-01-25 09:32:33] EDIT medboard/controllers/default.py: 0
[2015-01-25 09:32:44] EDIT medboard/controllers/default.py: 0
[2015-01-25 09:32:45] EDIT medboard/controllers/default.py: 0
[2015-01-25 09:32:45] EDIT medboard/controllers/default.py: 0
[2015-01-25 09:34:42] EDIT medboard/controllers/default.py: -1
[2015-01-25 09:35:04] EDIT medboard/controllers/default.py: 0
[2015-01-25 09:35:32] EDIT medboard/controllers/default.py: 1
[2015-01-25 09:37:02] EDIT medboard/models/menu.py: 0
[2015-01-25 09:37:21] EDIT medboard/models/menu.py: 0
[2015-01-25 09:42:14] EDIT medboard/controllers/default.py: 11
[2015-01-25 09:42:24] EDIT medboard/controllers/default.py: -3
[2015-01-25 09:43:31] EDIT medboard/controllers/default.py: 0
[2015-01-25 09:43:38] EDIT medboard/controllers/default.py: 0
[2015-01-25 09:43:48] EDIT medboard/controllers/default.py: 0
[2015-01-25 09:44:20] EDIT medboard/controllers/default.py: 0
[2015-01-25 09:44:45] EDIT medboard/controllers/default.py: 0
[2015-01-25 09:45:02] EDIT medboard/controllers/default.py: 0
[2015-01-25 09:45:15] EDIT medboard/controllers/default.py: 0
[2015-01-25 09:48:39] EDIT medboard/controllers/default.py: 0
[2015-01-25 09:52:45] EDIT medboard/controllers/default.py: 0
[2015-01-25 09:53:56] EDIT medboard/controllers/default.py: 0
[2015-01-25 09:54:02] EDIT medboard/controllers/default.py: 0
[2015-01-25 09:54:41] EDIT medboard/controllers/default.py: 0
[2015-01-25 09:54:59] EDIT medboard/controllers/default.py: 0
[2015-01-25 09:55:16] EDIT medboard/controllers/default.py: 0
[2015-01-25 09:55:42] EDIT medboard/controllers/default.py: 0
[2015-01-25 09:56:10] EDIT medboard/controllers/default.py: 0
[2015-01-25 09:56:22] EDIT medboard/controllers/default.py: 0
[2015-01-25 09:56:32] EDIT medboard/controllers/default.py: 0
[2015-01-25 10:05:36] EDIT medboard/views/default/display_operations.html: 0
[2015-01-25 10:05:59] EDIT medboard/views/default/display_operations.html: 0
[2015-01-25 10:07:47] EDIT medboard/controllers/default.py: 0
[2015-01-25 10:08:07] EDIT medboard/controllers/default.py: 0
[2015-01-25 10:08:27] EDIT medboard/controllers/default.py: 0
[2015-01-25 10:09:12] EDIT medboard/controllers/default.py: 0
[2015-01-25 10:09:32] EDIT medboard/controllers/default.py: 0
[2015-01-25 10:09:34] EDIT medboard/controllers/default.py: 0
[2015-01-25 10:10:03] EDIT medboard/controllers/default.py: 0
[2015-01-25 10:10:15] EDIT medboard/controllers/default.py: 0
[2015-01-25 10:10:21] EDIT medboard/controllers/default.py: 0
[2015-01-25 10:11:05] EDIT medboard/controllers/default.py: 0
[2015-01-25 10:11:44] EDIT medboard/controllers/default.py: 0
[2015-01-25 10:15:41] EDIT medboard/controllers/default.py: -2
[2015-01-25 10:16:33] EDIT medboard/controllers/default.py: 4
[2015-01-25 10:16:44] EDIT medboard/controllers/default.py: 0
[2015-01-25 10:17:29] EDIT medboard/controllers/default.py: -6
[2015-01-25 10:21:29] EDIT medboard/controllers/default.py: 6
[2015-01-25 10:21:39] EDIT medboard/controllers/default.py: 0
[2015-01-25 10:23:10] EDIT medboard/controllers/default.py: 2
[2015-01-25 10:23:31] EDIT medboard/controllers/default.py: 0
[2015-01-25 10:23:50] EDIT medboard/controllers/default.py: 0
[2015-01-25 10:24:08] EDIT medboard/controllers/default.py: 0
[2015-01-25 10:24:15] EDIT medboard/controllers/default.py: -1
[2015-01-25 10:26:20] EDIT medboard/controllers/default.py: 1
[2015-01-25 10:26:59] EDIT medboard/controllers/default.py: 2
[2015-01-25 10:30:19] EDIT medboard/controllers/default.py: 0
[2015-01-25 10:31:52] EDIT medboard/controllers/default.py: 0
[2015-01-25 10:32:58] EDIT medboard/controllers/default.py: 0
[2015-01-25 10:33:31] EDIT medboard/controllers/default.py: 0
[2015-01-25 10:36:03] EDIT medboard/views/default/display_operations.html: 0
[2015-01-25 10:36:19] EDIT medboard/views/default/display_operations.html: 0
[2015-01-25 10:36:24] EDIT medboard/views/default/display_operations.html: 0
[2015-01-25 10:36:48] EDIT medboard/views/default/display_operations.html: 0
[2015-01-25 10:38:46] EDIT medboard/views/default/display_operations.html: 0
[2015-01-25 10:38:54] EDIT medboard/views/default/display_operations.html: 0
[2015-01-25 10:39:09] EDIT medboard/views/default/display_operations.html: 0
[2015-01-25 10:39:29] EDIT medboard/views/default/display_operations.html: 0
[2015-01-25 10:39:34] EDIT medboard/views/default/display_operations.html: 0
[2015-01-25 10:40:09] EDIT medboard/views/default/display_operations.html: 0
[2015-01-25 10:40:44] EDIT medboard/views/default/display_operations.html: 3
[2015-01-25 10:40:55] EDIT medboard/views/default/display_operations.html: 0
[2015-01-25 10:41:39] EDIT medboard/views/default/display_operations.html: 0
[2015-01-25 10:42:44] EDIT medboard/views/default/display_operations.html: 0
[2015-01-25 10:43:43] EDIT medboard/views/default/display_operations.html: 0
[2015-01-25 10:44:25] EDIT medboard/views/default/display_operations.html: -3
[2015-01-25 10:44:43] EDIT medboard/views/default/display_operations.html: 1
[2015-01-25 10:44:56] EDIT medboard/views/default/display_operations.html: 0
[2015-01-25 10:45:02] EDIT medboard/views/default/display_operations.html: 0
[2015-01-25 10:45:09] EDIT medboard/views/default/display_operations.html: 1
[2015-01-25 10:45:20] EDIT medboard/views/default/display_operations.html: 0
[2015-01-25 10:46:32] EDIT medboard/views/default/display_operations.html: 12
[2015-01-25 10:46:35] EDIT medboard/views/default/display_operations.html: 0
[2015-01-25 10:47:31] EDIT medboard/views/default/display_operations.html: 0
[2015-01-25 10:47:39] EDIT medboard/views/default/display_operations.html: 0
[2015-01-25 10:48:35] EDIT medboard/controllers/default.py: 0
[2015-01-25 10:49:41] EDIT medboard/views/default/display_operations.html: 0
[2015-01-25 10:50:22] EDIT medboard/views/default/display_operations.html: 0
[2015-01-25 10:53:00] EDIT medboard/views/default/display_operations.html: 0
[2015-01-25 10:53:42] EDIT medboard/views/default/display_operations.html: 0
[2015-01-25 10:53:53] EDIT medboard/views/default/display_operations.html: 0
[2015-01-25 10:55:25] EDIT medboard/views/default/display_operations.html: 0
[2015-01-25 10:55:30] EDIT medboard/views/default/display_operations.html: 0
[2015-01-25 10:57:07] EDIT medboard/views/default/display_operations.html: 0
[2015-01-25 10:58:08] EDIT medboard/views/default/display_operations.html: 0
[2015-01-25 10:58:14] EDIT medboard/views/default/display_operations.html: 0
[2015-01-25 10:58:27] EDIT medboard/views/default/display_operations.html: 0
[2015-01-25 10:58:32] EDIT medboard/views/default/display_operations.html: 0
[2015-01-25 10:58:55] EDIT medboard/views/default/display_operations.html: 0
[2015-01-25 11:08:08] EDIT medboard/models/db1.py: 5
[2015-01-25 11:09:51] EDIT medboard/controllers/default.py: 10
[2015-01-25 11:10:14] EDIT medboard/controllers/default.py: 0
[2015-01-25 11:10:33] EDIT medboard/controllers/default.py: 0
[2015-01-25 11:12:20] CREATE default/test_date.html: 0
[2015-01-25 11:12:25] EDIT medboard/models/db1.py: -5
[2015-01-25 11:13:16] EDIT medboard/views/default/test_date.html: 2
[2015-01-25 11:13:45] EDIT medboard/controllers/default.py: -2
[2015-01-25 11:13:57] EDIT medboard/views/default/test_date.html: 3
[2015-01-25 11:14:02] EDIT medboard/views/default/test_date.html: 3
[2015-01-25 11:14:33] EDIT medboard/views/default/test_date.html: 0
[2015-01-25 11:15:34] EDIT medboard/views/default/test_date.html: 0
[2015-01-25 11:16:18] EDIT medboard/views/default/test_date.html: 4
[2015-01-25 11:16:29] EDIT medboard/views/default/test_date.html: 1
[2015-01-25 11:16:30] EDIT medboard/views/default/test_date.html: 0
[2015-01-25 11:16:39] EDIT medboard/views/default/test_date.html: 0
[2015-01-25 11:17:35] EDIT medboard/views/default/test_date.html: 0
[2015-01-25 11:20:07] EDIT medboard/controllers/default.py: 2
[2015-01-25 11:21:06] EDIT medboard/controllers/default.py: 0
[2015-01-25 11:21:25] EDIT medboard/controllers/default.py: -1
[2015-01-25 11:21:38] EDIT medboard/views/default/test_date.html: -15
[2015-01-25 11:23:29] EDIT medboard/models/db1.py: 7
[2015-01-25 11:26:29] EDIT medboard/models/db1.py: 0
[2015-01-25 11:26:46] EDIT medboard/models/db1.py: 0
[2015-01-25 11:27:56] UPLOAD /home/nhshd15/web2py/applications/medboard/static/Theatres.png: 1293
[2015-01-25 11:28:02] EDIT medboard/models/db1.py: 2
[2015-01-25 11:28:05] EDIT medboard/models/db1.py: 0
[2015-01-25 11:28:10] UPLOAD /home/nhshd15/web2py/applications/medboard/static/Clinics.png: 1180
[2015-01-25 11:28:21] UPLOAD /home/nhshd15/web2py/applications/medboard/static/Teaching Sessions.png: 931
[2015-01-25 11:28:36] UPLOAD /home/nhshd15/web2py/applications/medboard/static/Clinical Skills.png: 935
[2015-01-25 11:31:18] CREATE default/test_names.html: 0
[2015-01-25 11:31:35] EDIT medboard/views/default/test_names.html: 0
[2015-01-25 11:31:56] EDIT medboard/models/db1.py: 0
[2015-01-25 11:33:13] EDIT medboard/models/db1.py: 0
[2015-01-25 11:34:00] EDIT medboard/controllers/default.py: 13
[2015-01-25 11:34:27] EDIT medboard/models/db1.py: 0
[2015-01-25 11:41:38] EDIT medboard/controllers/default.py: -3
[2015-01-25 11:41:42] EDIT medboard/controllers/default.py: -2
[2015-01-25 11:42:01] EDIT medboard/controllers/default.py: 1
[2015-01-25 11:42:15] EDIT medboard/views/default/test_names.html: 4
[2015-01-25 11:52:18] EDIT medboard/controllers/default.py: 0
[2015-01-25 11:54:07] EDIT medboard/controllers/default.py: 0
[2015-01-25 11:54:44] EDIT medboard/controllers/default.py: 0
[2015-01-25 11:55:09] EDIT medboard/controllers/default.py: 0
[2015-01-25 11:56:45] EDIT medboard/controllers/default.py: 0
[2015-01-25 11:57:24] EDIT medboard/controllers/default.py: 0
[2015-01-25 11:59:04] EDIT medboard/views/default/index.html: -30
[2015-01-25 11:59:28] EDIT medboard/views/default/index.html: 3
[2015-01-25 12:00:07] EDIT medboard/views/default/index.html: 0
[2015-01-25 12:00:37] EDIT medboard/views/default/index.html: 0
[2015-01-25 12:00:38] EDIT medboard/controllers/default.py: 0
[2015-01-25 12:00:43] EDIT medboard/views/default/index.html: 0
[2015-01-25 12:01:27] EDIT medboard/controllers/default.py: 0
[2015-01-25 12:01:55] EDIT medboard/controllers/default.py: 1
[2015-01-25 12:02:22] EDIT medboard/views/default/index.html: 3
[2015-01-25 12:03:18] EDIT medboard/views/default/index.html: 0
[2015-01-25 12:03:21] EDIT medboard/controllers/default.py: 0
[2015-01-25 12:03:26] EDIT medboard/views/default/index.html: 0
[2015-01-25 12:04:07] EDIT medboard/views/default/index.html: 0
[2015-01-25 12:04:19] EDIT medboard/views/default/index.html: 0
[2015-01-25 12:04:25] EDIT medboard/controllers/default.py: 0
[2015-01-25 12:04:36] EDIT medboard/views/default/index.html: 0
[2015-01-25 12:05:24] EDIT medboard/views/default/index.html: 0
[2015-01-25 12:05:38] EDIT medboard/controllers/default.py: 0
[2015-01-25 12:05:46] EDIT medboard/views/default/index.html: 0
[2015-01-25 12:06:09] EDIT medboard/controllers/default.py: -1
[2015-01-25 12:06:58] EDIT medboard/controllers/default.py: 2
[2015-01-25 12:07:05] EDIT medboard/views/default/index.html: 3
[2015-01-25 12:07:08] EDIT medboard/controllers/default.py: 0
[2015-01-25 12:07:21] EDIT medboard/views/default/index.html: 0
[2015-01-25 12:07:57] EDIT medboard/views/default/index.html: 0
[2015-01-25 12:08:24] EDIT medboard/controllers/default.py: 0
[2015-01-25 12:08:34] EDIT medboard/controllers/default.py: 0
[2015-01-25 12:08:49] EDIT medboard/controllers/default.py: 0
[2015-01-25 12:08:55] EDIT medboard/models/db1.py: 0
[2015-01-25 12:08:58] EDIT medboard/views/default/index.html: 1
[2015-01-25 12:09:24] EDIT medboard/controllers/default.py: 0
[2015-01-25 12:09:42] EDIT medboard/controllers/default.py: -6
[2015-01-25 12:10:02] EDIT medboard/views/default/index.html: 1
[2015-01-25 12:11:03] EDIT medboard/controllers/default.py: -3
[2015-01-25 12:11:12] EDIT medboard/models/db1.py: 0
[2015-01-25 12:11:14] EDIT medboard/views/default/index.html: 1
[2015-01-25 12:11:49] EDIT medboard/models/db1.py: 0
[2015-01-25 12:13:05] EDIT medboard/views/default/sign_up.html: 0
[2015-01-25 12:13:21] EDIT medboard/controllers/default.py: -1
[2015-01-25 12:14:02] EDIT medboard/controllers/default.py: 1
[2015-01-25 12:14:08] EDIT medboard/controllers/default.py: 1
[2015-01-25 12:14:08] UPLOAD /home/nhshd15/web2py/applications/medboard/static/Teaching_Sessions.png: 931
[2015-01-25 12:14:14] EDIT medboard/controllers/default.py: 9
[2015-01-25 12:14:16] UPLOAD /home/nhshd15/web2py/applications/medboard/static/Clinical_Skills.png: 935
[2015-01-25 12:14:57] EDIT medboard/views/default/index.html: 3
[2015-01-25 12:15:16] EDIT medboard/views/default/index.html: 0
[2015-01-25 12:15:23] EDIT medboard/controllers/default.py: 0
[2015-01-25 12:15:35] EDIT medboard/views/default/index.html: 0
[2015-01-25 12:16:56] EDIT medboard/views/default/index.html: 0
[2015-01-25 12:18:44] EDIT medboard/views/default/index.html: 0
[2015-01-25 12:19:08] EDIT medboard/views/default/display_operations.html: 4
[2015-01-25 12:19:21] EDIT medboard/views/default/index.html: 3
[2015-01-25 12:19:26] EDIT medboard/views/default/display_operations.html: 0
[2015-01-25 12:19:33] EDIT medboard/views/default/display_operations.html: 0
[2015-01-25 12:19:42] EDIT medboard/views/default/index.html: -2
[2015-01-25 12:20:27] EDIT medboard/views/default/index.html: 3
[2015-01-25 12:20:36] EDIT medboard/views/default/display_operations.html: 1
[2015-01-25 12:20:41] EDIT medboard/views/default/display_operations.html: 1
[2015-01-25 12:21:26] EDIT medboard/views/default/index.html: 0
[2015-01-25 12:21:45] EDIT medboard/views/default/index.html: 0
[2015-01-25 12:22:35] EDIT medboard/views/default/index.html: 0
[2015-01-25 12:23:08] EDIT medboard/views/default/index.html: 0
[2015-01-25 12:23:34] EDIT medboard/controllers/default.py: 0
[2015-01-25 12:24:02] EDIT medboard/views/default/index.html: 0
[2015-01-25 12:24:19] EDIT medboard/views/default/display_operations.html: 0
[2015-01-25 12:24:45] EDIT medboard/views/default/display_operations.html: 0
[2015-01-25 12:24:46] EDIT medboard/views/default/index.html: 0
[2015-01-25 12:26:02] EDIT medboard/views/default/index.html: 1
[2015-01-25 12:26:15] EDIT medboard/views/default/index.html: -1
[2015-01-25 12:26:23] EDIT medboard/views/default/index.html: 0
[2015-01-25 12:30:14] EDIT medboard/controllers/default.py: 1
[2015-01-25 12:30:15] EDIT medboard/controllers/default.py: 0
[2015-01-25 12:37:46] EDIT medboard/views/default/index.html: 0
[2015-01-25 12:38:17] EDIT medboard/views/default/index.html: 0
[2015-01-25 12:41:13] EDIT medboard/views/default/index.html: 0
[2015-01-25 12:41:34] EDIT medboard/views/default/index.html: 0
[2015-01-25 12:41:37] EDIT medboard/views/default/index.html: 0
[2015-01-25 12:42:41] EDIT medboard/views/default/index.html: 1
[2015-01-25 12:43:06] EDIT medboard/views/default/index.html: 0
[2015-01-25 12:43:41] EDIT medboard/views/default/index.html: 1
[2015-01-25 12:44:22] EDIT medboard/views/default/index.html: 6
[2015-01-25 12:44:55] EDIT medboard/views/default/index.html: 0
[2015-01-25 12:45:09] EDIT medboard/views/default/index.html: 0
[2015-01-25 12:49:10] EDIT medboard/models/db1.py: 1
[2015-01-25 12:49:21] EDIT medboard/models/db1.py: 0
[2015-01-25 12:50:04] EDIT medboard/models/db1.py: 0
[2015-01-25 12:50:17] EDIT medboard/views/default/index.html: 0
[2015-01-25 12:51:35] EDIT medboard/models/db1.py: 0
[2015-01-25 12:52:03] EDIT medboard/views/default/index.html: 0
[2015-01-25 12:52:09] EDIT medboard/views/default/index.html: -1
[2015-01-25 12:52:19] EDIT medboard/views/default/index.html: 1
[2015-01-25 12:52:36] EDIT medboard/views/default/index.html: -1
[2015-01-25 12:54:00] EDIT medboard/views/default/index.html: 0
[2015-01-25 12:56:33] EDIT medboard/views/default/index.html: 5
[2015-01-25 12:57:24] EDIT medboard/views/default/index.html: -3
[2015-01-25 12:57:29] EDIT medboard/views/default/index.html: 0
[2015-01-25 12:57:47] EDIT medboard/views/default/index.html: 0
[2015-01-25 12:58:14] EDIT medboard/views/default/index.html: 2
[2015-01-25 12:58:19] EDIT medboard/views/default/index.html: 0
[2015-01-25 12:58:28] EDIT medboard/views/default/index.html: 2
[2015-01-25 12:58:42] EDIT medboard/views/default/index.html: 0
[2015-01-25 12:59:08] EDIT medboard/views/default/index.html: 0
[2015-01-25 12:59:11] EDIT medboard/views/default/index.html: 0
[2015-01-25 12:59:29] EDIT medboard/views/default/index.html: 0
[2015-01-25 13:01:17] EDIT medboard/views/default/index.html: 0
[2015-01-25 13:03:00] EDIT medboard/views/default/index.html: 3
[2015-01-25 13:03:03] EDIT medboard/views/default/index.html: 1
[2015-01-25 13:04:52] EDIT medboard/views/default/index.html: 0
[2015-01-25 13:05:12] EDIT medboard/views/default/index.html: 0
[2015-01-25 13:05:51] EDIT medboard/views/default/index.html: 0
[2015-01-25 13:06:04] EDIT medboard/views/default/index.html: 0
[2015-01-25 13:14:08] EDIT medboard/models/db1.py: 0
[2015-01-25 13:14:18] EDIT medboard/models/db1.py: 0
[2015-01-25 13:18:41] EDIT medboard/controllers/default.py: 0
